<?xml version="1.0" encoding="UTF-8"?>
<!-- Generated by org.testng.reporters.JUnitReportReporter -->
<testsuite hostname="DESKTOP-QB131GQ" failures="0" tests="1" name="testClassPackage.Post_TC3" time="1.023" errors="0" timestamp="2023-05-25T12:31:29 IST" skipped="0">
  <testcase classname="testClassPackage.Post_TC3" name="execute" time="1.023"/>
  <system-out/>
</testsuite> <!-- testClassPackage.Post_TC3 -->
