<?xml version="1.0" encoding="UTF-8"?>
<!-- Generated by org.testng.reporters.JUnitReportReporter -->
<testsuite hostname="DESKTOP-QB131GQ" failures="0" tests="1" name="testClassPackage.Post_TC2" time="6.396" errors="0" timestamp="2023-05-23T20:29:46 IST" skipped="0">
  <testcase classname="testClassPackage.Post_TC2" name="execute" time="6.396"/>
  <system-out/>
</testsuite> <!-- testClassPackage.Post_TC2 -->
