<?xml version="1.0" encoding="UTF-8"?>
<!-- Generated by org.testng.reporters.JUnitReportReporter -->
<testsuite hostname="DESKTOP-QB131GQ" failures="0" tests="1" name="testfactorClassPackage.post_TC___2" time="1.135" errors="0" timestamp="2023-05-28T15:14:27 IST" skipped="0">
  <testcase classname="testfactorClassPackage.post_TC___2" name="execute" time="1.135"/>
  <system-out/>
</testsuite> <!-- testfactorClassPackage.post_TC___2 -->
