<?xml version="1.0" encoding="UTF-8"?>
<!-- Generated by org.testng.reporters.JUnitReportReporter -->
<testsuite hostname="DESKTOP-QB131GQ" failures="0" tests="1" name="testfactorClassPackage.post_TC___3" time="5.065" errors="0" timestamp="2023-05-28T15:14:27 IST" skipped="0">
  <testcase classname="testfactorClassPackage.post_TC___3" name="execute" time="5.065"/>
  <system-out/>
</testsuite> <!-- testfactorClassPackage.post_TC___3 -->
